<?xml version="1.0" encoding="UTF-8"?>
<!-- Generated by org.testng.reporters.JUnitReportReporter -->
<testsuite skipped="0" hostname="ojt32-PC" name="Maven.StockAccounting.AppTest" tests="1" failures="0" timestamp="18 May 2019 02:10:49 GMT" time="0.001" errors="0">
  <testcase name="testApp" time="0.001" classname="Maven.StockAccounting.AppTest"/>
</testsuite> <!-- Maven.StockAccounting.AppTest -->
