<?xml version="1.0" encoding="UTF-8"?>
<!-- Generated by org.testng.reporters.JUnitReportReporter -->
<testsuite skipped="0" hostname="ojt32-PC" name="DriverFactory.AppTest" tests="1" failures="0" timestamp="18 May 2019 02:10:49 GMT" time="50.187" errors="0">
  <testcase name="KickStart" time="50.187" classname="DriverFactory.AppTest"/>
</testsuite> <!-- DriverFactory.AppTest -->
