<?xml version="1.0" encoding="UTF-8"?>
<!-- Generated by org.testng.reporters.JUnitReportReporter -->
<testsuite skipped="0" hostname="ojt32-PC" name="DriverFactory.AppTest" tests="1" failures="0" timestamp="20 May 2019 02:41:56 GMT" time="62.767" errors="0">
  <testcase name="KickStart" time="62.767" classname="DriverFactory.AppTest"/>
</testsuite> <!-- DriverFactory.AppTest -->
